<?xml version="1.0" encoding="UTF-8"?>
<testsuite name="com.mtr.service.ReservationServiceTest" tests="4" skipped="0" failures="0" errors="0" timestamp="2018-12-02T05:02:04" hostname="iseung-yun-ui-MacBook-Pro.local" time="0.133">
  <properties/>
  <testcase name="testRetrieveReservationException" classname="com.mtr.service.ReservationServiceTest" time="0.064"/>
  <testcase name="testRetrieveReserveInfo" classname="com.mtr.service.ReservationServiceTest" time="0.051"/>
  <testcase name="testRetrieveRooms" classname="com.mtr.service.ReservationServiceTest" time="0.001"/>
  <testcase name="testDoReservation" classname="com.mtr.service.ReservationServiceTest" time="0.015"/>
  <system-out><![CDATA[14:02:04.774 [Test worker] INFO com.mtr.service.ReservationService - =============================> RESERVATION DATE : aa
14:02:04.790 [Test worker] INFO com.mtr.service.ReservationService - =============================> RESERVATION DATE : 2018-07-01
14:02:04.833 [Test worker] INFO com.mtr.service.ReservationService - =============================> GET ROOMS 
14:02:04.833 [Test worker] INFO com.mtr.service.ReservationService - =============================> GET ROOMS 
14:02:04.834 [Test worker] INFO com.mtr.service.ReservationService - =============================> USER NAME : 홍길동
14:02:04.835 [Test worker] INFO com.mtr.service.ReservationService - ============================> RESERVE DATE : 2018-07-01
14:02:04.835 [Test worker] INFO com.mtr.service.ReservationService - ============================> RESERVE ENDTIME : 12:00
14:02:04.836 [Test worker] INFO com.mtr.service.ReservationService - ============================> RESERVE START TIME : 1100
14:02:04.836 [Test worker] INFO com.mtr.service.ReservationService - ============================> RESERVE ROOM : com.mtr.domain.Room@503b5c4b
14:02:04.836 [Test worker] INFO com.mtr.service.ReservationService - =============================> USER NAME : 홍길동
14:02:04.836 [Test worker] INFO com.mtr.service.ReservationService - ============================> RESERVE DATE : 2018-07-01
14:02:04.837 [Test worker] INFO com.mtr.service.ReservationService - ============================> RESERVE ENDTIME : 12:00
14:02:04.837 [Test worker] INFO com.mtr.service.ReservationService - ============================> RESERVE START TIME : 1100
14:02:04.837 [Test worker] INFO com.mtr.service.ReservationService - ============================> RESERVE ROOM : com.mtr.domain.Room@503b5c4b
]]></system-out>
  <system-err><![CDATA[]]></system-err>
</testsuite>
